<?xml version="1.0" encoding="UTF-8" ?>
<testsuite tests="25" failures="0" name="no.uib.marcus.common.AggregationUtilsTest" time="0.201" errors="0" skipped="0">
  <properties>
    <property name="java.runtime.name" value="Java(TM) SE Runtime Environment"/>
    <property name="sun.boot.library.path" value="C:\Program Files\Java\jdk1.8.0_25\jre\bin"/>
    <property name="java.vm.version" value="25.25-b02"/>
    <property name="user.country.format" value="NO"/>
    <property name="java.vm.vendor" value="Oracle Corporation"/>
    <property name="java.vendor.url" value="http://java.oracle.com/"/>
    <property name="path.separator" value=";"/>
    <property name="guice.disable.misplaced.annotation.check" value="true"/>
    <property name="java.vm.name" value="Java HotSpot(TM) 64-Bit Server VM"/>
    <property name="file.encoding.pkg" value="sun.io"/>
    <property name="user.script" value=""/>
    <property name="user.country" value="US"/>
    <property name="sun.java.launcher" value="SUN_STANDARD"/>
    <property name="sun.os.patch.level" value="Service Pack 1"/>
    <property name="java.vm.specification.name" value="Java Virtual Machine Specification"/>
    <property name="user.dir" value="D:\Development\marcus-blackbox"/>
    <property name="java.runtime.version" value="1.8.0_25-b18"/>
    <property name="java.awt.graphicsenv" value="sun.awt.Win32GraphicsEnvironment"/>
    <property name="java.endorsed.dirs" value="C:\Program Files\Java\jdk1.8.0_25\jre\lib\endorsed"/>
    <property name="os.arch" value="amd64"/>
    <property name="java.io.tmpdir" value="C:\Users\hru066\AppData\Local\Temp\"/>
    <property name="line.separator" value="
"/>
    <property name="java.vm.specification.vendor" value="Oracle Corporation"/>
    <property name="user.variant" value=""/>
    <property name="os.name" value="Windows 7"/>
    <property name="maven.ext.class.path" value="D:\NetBeans 8.1\java\maven-nblib\netbeans-eventspy.jar"/>
    <property name="classworlds.conf" value="D:\NetBeans 8.1\java\maven\bin\m2.conf"/>
    <property name="sun.jnu.encoding" value="Cp1252"/>
    <property name="java.library.path" value="C:\Program Files\Java\jdk1.8.0_25\bin;C:\Windows\Sun\Java\bin;C:\Windows\system32;C:\Windows;C:\ProgramData\Oracle\Java\javapath;C:\Windows\system32;C:\Windows;C:\Windows\System32\Wbem;C:\Windows\System32\WindowsPowerShell\v1.0\;%JAVA_HOME%\bin;C:\Program Files\TortoiseSVN\bin;C:\Program Files (x86)\QuickTime\QTSystem\;."/>
    <property name="java.specification.name" value="Java Platform API Specification"/>
    <property name="java.class.version" value="52.0"/>
    <property name="sun.management.compiler" value="HotSpot 64-Bit Tiered Compilers"/>
    <property name="os.version" value="6.1"/>
    <property name="user.home" value="C:\Users\hru066"/>
    <property name="user.timezone" value="Europe/Paris"/>
    <property name="java.awt.printerjob" value="sun.awt.windows.WPrinterJob"/>
    <property name="java.specification.version" value="1.8"/>
    <property name="file.encoding" value="UTF-8"/>
    <property name="user.name" value="hru066"/>
    <property name="java.class.path" value="D:\NetBeans 8.1\java\maven\boot\plexus-classworlds-2.4.jar"/>
    <property name="java.vm.specification.version" value="1.8"/>
    <property name="sun.arch.data.model" value="64"/>
    <property name="java.home" value="C:\Program Files\Java\jdk1.8.0_25\jre"/>
    <property name="sun.java.command" value="org.codehaus.plexus.classworlds.launcher.Launcher -Dmaven.ext.class.path=D:\NetBeans 8.1\java\maven-nblib\netbeans-eventspy.jar -Dfile.encoding=UTF-8 clean install"/>
    <property name="java.specification.vendor" value="Oracle Corporation"/>
    <property name="user.language" value="en"/>
    <property name="user.language.format" value="no"/>
    <property name="awt.toolkit" value="sun.awt.windows.WToolkit"/>
    <property name="java.vm.info" value="mixed mode"/>
    <property name="java.version" value="1.8.0_25"/>
    <property name="java.ext.dirs" value="C:\Program Files\Java\jdk1.8.0_25\jre\lib\ext;C:\Windows\Sun\Java\lib\ext"/>
    <property name="sun.boot.class.path" value="C:\Program Files\Java\jdk1.8.0_25\jre\lib\resources.jar;C:\Program Files\Java\jdk1.8.0_25\jre\lib\rt.jar;C:\Program Files\Java\jdk1.8.0_25\jre\lib\sunrsasign.jar;C:\Program Files\Java\jdk1.8.0_25\jre\lib\jsse.jar;C:\Program Files\Java\jdk1.8.0_25\jre\lib\jce.jar;C:\Program Files\Java\jdk1.8.0_25\jre\lib\charsets.jar;C:\Program Files\Java\jdk1.8.0_25\jre\lib\jfr.jar;C:\Program Files\Java\jdk1.8.0_25\jre\classes"/>
    <property name="java.vendor" value="Oracle Corporation"/>
    <property name="maven.home" value="D:\NetBeans 8.1\java\maven"/>
    <property name="file.separator" value="\"/>
    <property name="java.vendor.url.bug" value="http://bugreport.sun.com/bugreport/"/>
    <property name="sun.cpu.endian" value="little"/>
    <property name="sun.io.unicode.encoding" value="UnicodeLittle"/>
    <property name="sun.desktop" value="windows"/>
    <property name="sun.cpu.isalist" value="amd64"/>
  </properties>
  <testcase classname="no.uib.marcus.common.AggregationUtilsTest" name="testContains02 {#0 seed=[23A492BAFB725B2F:A726D5F5994FC0DD]}" time="0.066"/>
  <testcase classname="no.uib.marcus.common.AggregationUtilsTest" name="testContains02 {#1 seed=[23A492BAFB725B2F:13706909AD8D0BF1]}" time="0"/>
  <testcase classname="no.uib.marcus.common.AggregationUtilsTest" name="testContains02 {#2 seed=[23A492BAFB725B2F:9D99FFD5FC49433A]}" time="0.001"/>
  <testcase classname="no.uib.marcus.common.AggregationUtilsTest" name="testContains02 {#3 seed=[23A492BAFB725B2F:AC77543090B71813]}" time="0.002"/>
  <testcase classname="no.uib.marcus.common.AggregationUtilsTest" name="testContains02 {#4 seed=[23A492BAFB725B2F:E0B6D19D31BFD8A8]}" time="0.001"/>
  <testcase classname="no.uib.marcus.common.AggregationUtilsTest" name="testContains02 {#5 seed=[23A492BAFB725B2F:714C02C24C0395A8]}" time="0.001"/>
  <testcase classname="no.uib.marcus.common.AggregationUtilsTest" name="testContains02 {#6 seed=[23A492BAFB725B2F:4F9266445E3385AE]}" time="0.002"/>
  <testcase classname="no.uib.marcus.common.AggregationUtilsTest" name="testContains02 {#7 seed=[23A492BAFB725B2F:D321FC3E7D271100]}" time="0.001"/>
  <testcase classname="no.uib.marcus.common.AggregationUtilsTest" name="testContains02 {#8 seed=[23A492BAFB725B2F:E18D19500AEC065A]}" time="0.001"/>
  <testcase classname="no.uib.marcus.common.AggregationUtilsTest" name="testContains02 {#9 seed=[23A492BAFB725B2F:36064FEA6EBB3108]}" time="0.002"/>
  <testcase classname="no.uib.marcus.common.AggregationUtilsTest" name="testGetFilterMap02" time="0.001"/>
  <testcase classname="no.uib.marcus.common.AggregationUtilsTest" name="testGetFilterMap03" time="0.002"/>
  <testcase classname="no.uib.marcus.common.AggregationUtilsTest" name="testContains03 {#0 seed=[23A492BAFB725B2F:79A48AE18A1844A8]}" time="0.001"/>
  <testcase classname="no.uib.marcus.common.AggregationUtilsTest" name="testContains03 {#1 seed=[23A492BAFB725B2F:79A48AE18A1844A8]}" time="0.001"/>
  <testcase classname="no.uib.marcus.common.AggregationUtilsTest" name="testContains03 {#2 seed=[23A492BAFB725B2F:79A48AE18A1844A8]}" time="0.004"/>
  <testcase classname="no.uib.marcus.common.AggregationUtilsTest" name="testContains03 {#3 seed=[23A492BAFB725B2F:79A48AE18A1844A8]}" time="0.007"/>
  <testcase classname="no.uib.marcus.common.AggregationUtilsTest" name="testContains03 {#4 seed=[23A492BAFB725B2F:79A48AE18A1844A8]}" time="0"/>
  <testcase classname="no.uib.marcus.common.AggregationUtilsTest" name="testContains03 {#5 seed=[23A492BAFB725B2F:79A48AE18A1844A8]}" time="0"/>
  <testcase classname="no.uib.marcus.common.AggregationUtilsTest" name="testContains03 {#6 seed=[23A492BAFB725B2F:79A48AE18A1844A8]}" time="0.001"/>
  <testcase classname="no.uib.marcus.common.AggregationUtilsTest" name="testContains03 {#7 seed=[23A492BAFB725B2F:79A48AE18A1844A8]}" time="0.004"/>
  <testcase classname="no.uib.marcus.common.AggregationUtilsTest" name="testContains03 {#8 seed=[23A492BAFB725B2F:79A48AE18A1844A8]}" time="0.004"/>
  <testcase classname="no.uib.marcus.common.AggregationUtilsTest" name="testContains03 {#9 seed=[23A492BAFB725B2F:79A48AE18A1844A8]}" time="0.002"/>
  <testcase classname="no.uib.marcus.common.AggregationUtilsTest" name="testContains01" time="0.007"/>
  <testcase classname="no.uib.marcus.common.AggregationUtilsTest" name="testGetFilterMap05" time="0"/>
  <testcase classname="no.uib.marcus.common.AggregationUtilsTest" name="testGetFilterMap01" time="0"/>
</testsuite>