<?xml version="1.0" encoding="UTF-8" ?>
<testsuite tests="25" failures="0" name="no.uib.marcus.common.AggregationUtilsTest" time="0.197" errors="0" skipped="0">
  <properties>
    <property name="java.runtime.name" value="Java(TM) SE Runtime Environment"/>
    <property name="sun.boot.library.path" value="/Library/Java/JavaVirtualMachines/jdk1.8.0_40.jdk/Contents/Home/jre/lib"/>
    <property name="java.vm.version" value="25.40-b25"/>
    <property name="user.country.format" value="NO"/>
    <property name="gopherProxySet" value="false"/>
    <property name="java.vm.vendor" value="Oracle Corporation"/>
    <property name="java.vendor.url" value="http://java.oracle.com/"/>
    <property name="path.separator" value=":"/>
    <property name="guice.disable.misplaced.annotation.check" value="true"/>
    <property name="java.vm.name" value="Java HotSpot(TM) 64-Bit Server VM"/>
    <property name="file.encoding.pkg" value="sun.io"/>
    <property name="user.country" value="US"/>
    <property name="sun.java.launcher" value="SUN_STANDARD"/>
    <property name="sun.os.patch.level" value="unknown"/>
    <property name="java.vm.specification.name" value="Java Virtual Machine Specification"/>
    <property name="user.dir" value="/Users/hemed/Documents/Development/marcus-blackbox"/>
    <property name="java.runtime.version" value="1.8.0_40-b25"/>
    <property name="java.awt.graphicsenv" value="sun.awt.CGraphicsEnvironment"/>
    <property name="java.endorsed.dirs" value="/Library/Java/JavaVirtualMachines/jdk1.8.0_40.jdk/Contents/Home/jre/lib/endorsed"/>
    <property name="os.arch" value="x86_64"/>
    <property name="java.io.tmpdir" value="/var/folders/b2/c177gn7j1vqd39b5jk5_q8rr0000gn/T/"/>
    <property name="line.separator" value="
"/>
    <property name="java.vm.specification.vendor" value="Oracle Corporation"/>
    <property name="os.name" value="Mac OS X"/>
    <property name="maven.ext.class.path" value="/Applications/NetBeans/NetBeans 8.1.app/Contents/Resources/NetBeans/java/maven-nblib/netbeans-eventspy.jar"/>
    <property name="classworlds.conf" value="/Applications/NetBeans/NetBeans 8.1.app/Contents/Resources/NetBeans/java/maven/bin/m2.conf"/>
    <property name="sun.jnu.encoding" value="UTF-8"/>
    <property name="java.library.path" value="/Applications/NetBeans/NetBeans 8.1.app/Contents/Resources/NetBeans/webcommon/bin::/Users/hemed/Library/Java/Extensions:/Library/Java/Extensions:/Network/Library/Java/Extensions:/System/Library/Java/Extensions:/usr/lib/java:."/>
    <property name="java.specification.name" value="Java Platform API Specification"/>
    <property name="java.class.version" value="52.0"/>
    <property name="sun.management.compiler" value="HotSpot 64-Bit Tiered Compilers"/>
    <property name="os.version" value="10.10.5"/>
    <property name="http.nonProxyHosts" value="local|*.local|169.254/16|*.169.254/16"/>
    <property name="user.home" value="/Users/hemed"/>
    <property name="user.timezone" value="Europe/Oslo"/>
    <property name="java.awt.printerjob" value="sun.lwawt.macosx.CPrinterJob"/>
    <property name="java.specification.version" value="1.8"/>
    <property name="file.encoding" value="UTF-8"/>
    <property name="user.name" value="hemed"/>
    <property name="java.class.path" value="/Applications/NetBeans/NetBeans 8.1.app/Contents/Resources/NetBeans/java/maven/boot/plexus-classworlds-2.4.jar"/>
    <property name="java.vm.specification.version" value="1.8"/>
    <property name="sun.arch.data.model" value="64"/>
    <property name="java.home" value="/Library/Java/JavaVirtualMachines/jdk1.8.0_40.jdk/Contents/Home/jre"/>
    <property name="sun.java.command" value="org.codehaus.plexus.classworlds.launcher.Launcher -Dmaven.ext.class.path=/Applications/NetBeans/NetBeans 8.1.app/Contents/Resources/NetBeans/java/maven-nblib/netbeans-eventspy.jar clean install"/>
    <property name="java.specification.vendor" value="Oracle Corporation"/>
    <property name="user.language" value="en"/>
    <property name="awt.toolkit" value="sun.lwawt.macosx.LWCToolkit"/>
    <property name="java.vm.info" value="mixed mode"/>
    <property name="java.version" value="1.8.0_40"/>
    <property name="java.ext.dirs" value="/Users/hemed/Library/Java/Extensions:/Library/Java/JavaVirtualMachines/jdk1.8.0_40.jdk/Contents/Home/jre/lib/ext:/Library/Java/Extensions:/Network/Library/Java/Extensions:/System/Library/Java/Extensions:/usr/lib/java"/>
    <property name="sun.boot.class.path" value="/Library/Java/JavaVirtualMachines/jdk1.8.0_40.jdk/Contents/Home/jre/lib/resources.jar:/Library/Java/JavaVirtualMachines/jdk1.8.0_40.jdk/Contents/Home/jre/lib/rt.jar:/Library/Java/JavaVirtualMachines/jdk1.8.0_40.jdk/Contents/Home/jre/lib/sunrsasign.jar:/Library/Java/JavaVirtualMachines/jdk1.8.0_40.jdk/Contents/Home/jre/lib/jsse.jar:/Library/Java/JavaVirtualMachines/jdk1.8.0_40.jdk/Contents/Home/jre/lib/jce.jar:/Library/Java/JavaVirtualMachines/jdk1.8.0_40.jdk/Contents/Home/jre/lib/charsets.jar:/Library/Java/JavaVirtualMachines/jdk1.8.0_40.jdk/Contents/Home/jre/lib/jfr.jar:/Library/Java/JavaVirtualMachines/jdk1.8.0_40.jdk/Contents/Home/jre/classes"/>
    <property name="java.vendor" value="Oracle Corporation"/>
    <property name="maven.home" value="/Applications/NetBeans/NetBeans 8.1.app/Contents/Resources/NetBeans/java/maven"/>
    <property name="file.separator" value="/"/>
    <property name="java.vendor.url.bug" value="http://bugreport.sun.com/bugreport/"/>
    <property name="sun.cpu.endian" value="little"/>
    <property name="sun.io.unicode.encoding" value="UnicodeBig"/>
    <property name="socksNonProxyHosts" value="local|*.local|169.254/16|*.169.254/16"/>
    <property name="ftp.nonProxyHosts" value="local|*.local|169.254/16|*.169.254/16"/>
    <property name="sun.cpu.isalist" value=""/>
  </properties>
  <testcase classname="no.uib.marcus.common.AggregationUtilsTest" name="testGetFilterMap01" time="0.049"/>
  <testcase classname="no.uib.marcus.common.AggregationUtilsTest" name="testGetFilterMap05" time="0"/>
  <testcase classname="no.uib.marcus.common.AggregationUtilsTest" name="testContains01" time="0.022"/>
  <testcase classname="no.uib.marcus.common.AggregationUtilsTest" name="testGetFilterMap02" time="0"/>
  <testcase classname="no.uib.marcus.common.AggregationUtilsTest" name="testContains02 {#0 seed=[1F8A526A0ADB1E2A:9B08152568E685D8]}" time="0.002"/>
  <testcase classname="no.uib.marcus.common.AggregationUtilsTest" name="testContains02 {#1 seed=[1F8A526A0ADB1E2A:2F5EA9D95C244EF4]}" time="0.001"/>
  <testcase classname="no.uib.marcus.common.AggregationUtilsTest" name="testContains02 {#2 seed=[1F8A526A0ADB1E2A:A1B73F050DE0063F]}" time="0.001"/>
  <testcase classname="no.uib.marcus.common.AggregationUtilsTest" name="testContains02 {#3 seed=[1F8A526A0ADB1E2A:905994E0611E5D16]}" time="0.001"/>
  <testcase classname="no.uib.marcus.common.AggregationUtilsTest" name="testContains02 {#4 seed=[1F8A526A0ADB1E2A:DC98114DC0169DAD]}" time="0.001"/>
  <testcase classname="no.uib.marcus.common.AggregationUtilsTest" name="testContains02 {#5 seed=[1F8A526A0ADB1E2A:4D62C212BDAAD0AD]}" time="0"/>
  <testcase classname="no.uib.marcus.common.AggregationUtilsTest" name="testContains02 {#6 seed=[1F8A526A0ADB1E2A:73BCA694AF9AC0AB]}" time="0"/>
  <testcase classname="no.uib.marcus.common.AggregationUtilsTest" name="testContains02 {#7 seed=[1F8A526A0ADB1E2A:EF0F3CEE8C8E5405]}" time="0.001"/>
  <testcase classname="no.uib.marcus.common.AggregationUtilsTest" name="testContains02 {#8 seed=[1F8A526A0ADB1E2A:DDA3D980FB45435F]}" time="0.001"/>
  <testcase classname="no.uib.marcus.common.AggregationUtilsTest" name="testContains02 {#9 seed=[1F8A526A0ADB1E2A:A288F3A9F12740D]}" time="0"/>
  <testcase classname="no.uib.marcus.common.AggregationUtilsTest" name="testContains03 {#0 seed=[1F8A526A0ADB1E2A:79A48AE18A1844A8]}" time="0"/>
  <testcase classname="no.uib.marcus.common.AggregationUtilsTest" name="testContains03 {#1 seed=[1F8A526A0ADB1E2A:79A48AE18A1844A8]}" time="0.001"/>
  <testcase classname="no.uib.marcus.common.AggregationUtilsTest" name="testContains03 {#2 seed=[1F8A526A0ADB1E2A:79A48AE18A1844A8]}" time="0"/>
  <testcase classname="no.uib.marcus.common.AggregationUtilsTest" name="testContains03 {#3 seed=[1F8A526A0ADB1E2A:79A48AE18A1844A8]}" time="0.001"/>
  <testcase classname="no.uib.marcus.common.AggregationUtilsTest" name="testContains03 {#4 seed=[1F8A526A0ADB1E2A:79A48AE18A1844A8]}" time="0.001"/>
  <testcase classname="no.uib.marcus.common.AggregationUtilsTest" name="testContains03 {#5 seed=[1F8A526A0ADB1E2A:79A48AE18A1844A8]}" time="0.001"/>
  <testcase classname="no.uib.marcus.common.AggregationUtilsTest" name="testContains03 {#6 seed=[1F8A526A0ADB1E2A:79A48AE18A1844A8]}" time="0.001"/>
  <testcase classname="no.uib.marcus.common.AggregationUtilsTest" name="testContains03 {#7 seed=[1F8A526A0ADB1E2A:79A48AE18A1844A8]}" time="0"/>
  <testcase classname="no.uib.marcus.common.AggregationUtilsTest" name="testContains03 {#8 seed=[1F8A526A0ADB1E2A:79A48AE18A1844A8]}" time="0.001"/>
  <testcase classname="no.uib.marcus.common.AggregationUtilsTest" name="testContains03 {#9 seed=[1F8A526A0ADB1E2A:79A48AE18A1844A8]}" time="0.001"/>
  <testcase classname="no.uib.marcus.common.AggregationUtilsTest" name="testGetFilterMap03" time="0"/>
</testsuite>