<?xml version="1.0" encoding="UTF-8" ?>
<testsuite tests="2" failures="1" name="no.uib.marcus.search.MarcusSearchServiceIT" time="8.591" errors="0" skipped="0">
  <properties>
    <property name="java.runtime.name" value="Java(TM) SE Runtime Environment"/>
    <property name="sun.boot.library.path" value="C:\Program Files\Java\jdk1.8.0_25\jre\bin"/>
    <property name="java.vm.version" value="25.25-b02"/>
    <property name="user.country.format" value="NO"/>
    <property name="java.vm.vendor" value="Oracle Corporation"/>
    <property name="java.vendor.url" value="http://java.oracle.com/"/>
    <property name="path.separator" value=";"/>
    <property name="guice.disable.misplaced.annotation.check" value="true"/>
    <property name="java.vm.name" value="Java HotSpot(TM) 64-Bit Server VM"/>
    <property name="file.encoding.pkg" value="sun.io"/>
    <property name="user.script" value=""/>
    <property name="user.country" value="US"/>
    <property name="sun.java.launcher" value="SUN_STANDARD"/>
    <property name="sun.os.patch.level" value="Service Pack 1"/>
    <property name="test" value="no.uib.marcus.search.MarcusSearchServiceIT"/>
    <property name="java.vm.specification.name" value="Java Virtual Machine Specification"/>
    <property name="user.dir" value="D:\Development\marcus-blackbox"/>
    <property name="java.runtime.version" value="1.8.0_25-b18"/>
    <property name="java.awt.graphicsenv" value="sun.awt.Win32GraphicsEnvironment"/>
    <property name="java.endorsed.dirs" value="C:\Program Files\Java\jdk1.8.0_25\jre\lib\endorsed"/>
    <property name="os.arch" value="amd64"/>
    <property name="java.io.tmpdir" value="C:\Users\hru066\AppData\Local\Temp\"/>
    <property name="line.separator" value="
"/>
    <property name="java.vm.specification.vendor" value="Oracle Corporation"/>
    <property name="user.variant" value=""/>
    <property name="os.name" value="Windows 7"/>
    <property name="maven.ext.class.path" value="D:\NetBeans 8.1\java\maven-nblib\netbeans-eventspy.jar"/>
    <property name="classworlds.conf" value="D:\NetBeans 8.1\java\maven\bin\m2.conf"/>
    <property name="sun.jnu.encoding" value="Cp1252"/>
    <property name="java.library.path" value="C:\Program Files\Java\jdk1.8.0_25\bin;C:\Windows\Sun\Java\bin;C:\Windows\system32;C:\Windows;C:\ProgramData\Oracle\Java\javapath;C:\Windows\system32;C:\Windows;C:\Windows\System32\Wbem;C:\Windows\System32\WindowsPowerShell\v1.0\;%JAVA_HOME%\bin;C:\Program Files\TortoiseSVN\bin;C:\Program Files (x86)\QuickTime\QTSystem\;."/>
    <property name="java.specification.name" value="Java Platform API Specification"/>
    <property name="java.class.version" value="52.0"/>
    <property name="sun.management.compiler" value="HotSpot 64-Bit Tiered Compilers"/>
    <property name="os.version" value="6.1"/>
    <property name="user.home" value="C:\Users\hru066"/>
    <property name="user.timezone" value="Europe/Paris"/>
    <property name="java.awt.printerjob" value="sun.awt.windows.WPrinterJob"/>
    <property name="java.specification.version" value="1.8"/>
    <property name="file.encoding" value="UTF-8"/>
    <property name="user.name" value="hru066"/>
    <property name="java.class.path" value="D:\NetBeans 8.1\java\maven\boot\plexus-classworlds-2.4.jar"/>
    <property name="java.vm.specification.version" value="1.8"/>
    <property name="sun.arch.data.model" value="64"/>
    <property name="java.home" value="C:\Program Files\Java\jdk1.8.0_25\jre"/>
    <property name="sun.java.command" value="org.codehaus.plexus.classworlds.launcher.Launcher -Dtest=no.uib.marcus.search.MarcusSearchServiceIT -Dmaven.ext.class.path=D:\NetBeans 8.1\java\maven-nblib\netbeans-eventspy.jar -Dfile.encoding=UTF-8 surefire:test"/>
    <property name="java.specification.vendor" value="Oracle Corporation"/>
    <property name="user.language" value="en"/>
    <property name="user.language.format" value="no"/>
    <property name="awt.toolkit" value="sun.awt.windows.WToolkit"/>
    <property name="java.vm.info" value="mixed mode"/>
    <property name="java.version" value="1.8.0_25"/>
    <property name="java.ext.dirs" value="C:\Program Files\Java\jdk1.8.0_25\jre\lib\ext;C:\Windows\Sun\Java\lib\ext"/>
    <property name="sun.boot.class.path" value="C:\Program Files\Java\jdk1.8.0_25\jre\lib\resources.jar;C:\Program Files\Java\jdk1.8.0_25\jre\lib\rt.jar;C:\Program Files\Java\jdk1.8.0_25\jre\lib\sunrsasign.jar;C:\Program Files\Java\jdk1.8.0_25\jre\lib\jsse.jar;C:\Program Files\Java\jdk1.8.0_25\jre\lib\jce.jar;C:\Program Files\Java\jdk1.8.0_25\jre\lib\charsets.jar;C:\Program Files\Java\jdk1.8.0_25\jre\lib\jfr.jar;C:\Program Files\Java\jdk1.8.0_25\jre\classes"/>
    <property name="java.vendor" value="Oracle Corporation"/>
    <property name="maven.home" value="D:\NetBeans 8.1\java\maven"/>
    <property name="file.separator" value="\"/>
    <property name="java.vendor.url.bug" value="http://bugreport.sun.com/bugreport/"/>
    <property name="sun.cpu.endian" value="little"/>
    <property name="sun.io.unicode.encoding" value="UnicodeLittle"/>
    <property name="sun.desktop" value="windows"/>
    <property name="sun.cpu.isalist" value="amd64"/>
  </properties>
  <testcase classname="no.uib.marcus.search.MarcusSearchServiceIT" name="testGetDocumentsIsNull" time="4.18"/>
  <testcase classname="no.uib.marcus.search.MarcusSearchServiceIT" name="testGetDocumentsBoolFilter" time="4.313">
    <failure type="junit.framework.AssertionFailedError">junit.framework.AssertionFailedError
	at junit.framework.Assert.fail(Assert.java:48)
	at junit.framework.Assert.assertTrue(Assert.java:20)
	at junit.framework.Assert.assertTrue(Assert.java:27)
	at no.uib.marcus.search.MarcusSearchServiceIT.testGetDocumentsBoolFilter(MarcusSearchServiceIT.java:160)
	at sun.reflect.NativeMethodAccessorImpl.invoke0(Native Method)
	at sun.reflect.NativeMethodAccessorImpl.invoke(NativeMethodAccessorImpl.java:62)
	at sun.reflect.DelegatingMethodAccessorImpl.invoke(DelegatingMethodAccessorImpl.java:43)
	at java.lang.reflect.Method.invoke(Method.java:483)
	at junit.framework.TestCase.runTest(TestCase.java:168)
	at junit.framework.TestCase.runBare(TestCase.java:134)
	at junit.framework.TestResult$1.protect(TestResult.java:110)
	at junit.framework.TestResult.runProtected(TestResult.java:128)
	at junit.framework.TestResult.run(TestResult.java:113)
	at junit.framework.TestCase.run(TestCase.java:124)
	at junit.framework.TestSuite.runTest(TestSuite.java:243)
	at junit.framework.TestSuite.run(TestSuite.java:238)
	at org.junit.internal.runners.JUnit38ClassRunner.run(JUnit38ClassRunner.java:83)
	at org.apache.maven.surefire.junit4.JUnit4TestSet.execute(JUnit4TestSet.java:53)
	at org.apache.maven.surefire.junit4.JUnit4Provider.executeTestSet(JUnit4Provider.java:123)
	at org.apache.maven.surefire.junit4.JUnit4Provider.invoke(JUnit4Provider.java:104)
	at sun.reflect.NativeMethodAccessorImpl.invoke0(Native Method)
	at sun.reflect.NativeMethodAccessorImpl.invoke(NativeMethodAccessorImpl.java:62)
	at sun.reflect.DelegatingMethodAccessorImpl.invoke(DelegatingMethodAccessorImpl.java:43)
	at java.lang.reflect.Method.invoke(Method.java:483)
	at org.apache.maven.surefire.util.ReflectionUtils.invokeMethodWithArray(ReflectionUtils.java:164)
	at org.apache.maven.surefire.booter.ProviderFactory$ProviderProxy.invoke(ProviderFactory.java:110)
	at org.apache.maven.surefire.booter.SurefireStarter.invokeProvider(SurefireStarter.java:175)
	at org.apache.maven.surefire.booter.SurefireStarter.runSuitesInProcessWhenForked(SurefireStarter.java:107)
	at org.apache.maven.surefire.booter.ForkedBooter.main(ForkedBooter.java:68)
</failure>
    <system-out>[2016-02-11 17:22:08][INFO ][no.uib.marcus.search.MarcusSearchServiceIT] No index to delete, aborting ...
[2016-02-11 17:22:08][INFO ][no.uib.marcus.search.MarcusSearchServiceIT] =====&gt;Creating index of name: test
[2016-02-11 17:22:08][INFO ][no.uib.marcus.search.MarcusSearchServiceIT] ************Testing getDocuments(String queryString, FilterBuilder builder)*****************
[2016-02-11 17:22:08][INFO ][no.uib.marcus.search.MarcusSearchServiceIT] Indexing documents to index: test
[2016-02-11 17:22:08][INFO ][no.uib.marcus.search.MarcusSearchService] {
  &quot;query&quot; : {
    &quot;filtered&quot; : {
      &quot;query&quot; : {
        &quot;query_string&quot; : {
          &quot;query&quot; : &quot;ballab&quot;
        }
      },
      &quot;filter&quot; : {
        &quot;match_all&quot; : { }
      }
    }
  }
}
[2016-02-11 17:22:08][INFO ][no.uib.marcus.search.MarcusSearchServiceIT] Total documents found: 0
[2016-02-11 17:22:08][INFO ][no.uib.marcus.search.MarcusSearchService] {
  &quot;query&quot; : {
    &quot;filtered&quot; : {
      &quot;query&quot; : {
        &quot;query_string&quot; : {
          &quot;query&quot; : &quot;ballab&quot;
        }
      },
      &quot;filter&quot; : {
        &quot;match_all&quot; : { }
      }
    }
  }
}
[2016-02-11 17:22:08][INFO ][no.uib.marcus.search.MarcusSearchServiceIT] Total documents found: 0
[2016-02-11 17:22:08][INFO ][no.uib.marcus.search.MarcusSearchService] {
  &quot;query&quot; : {
    &quot;filtered&quot; : {
      &quot;query&quot; : {
        &quot;query_string&quot; : {
          &quot;query&quot; : &quot;ballab&quot;
        }
      },
      &quot;filter&quot; : {
        &quot;match_all&quot; : { }
      }
    }
  }
}
[2016-02-11 17:22:08][INFO ][no.uib.marcus.search.MarcusSearchServiceIT] Total documents found: 0
[2016-02-11 17:22:08][INFO ][no.uib.marcus.search.MarcusSearchService] {
  &quot;query&quot; : {
    &quot;filtered&quot; : {
      &quot;query&quot; : {
        &quot;query_string&quot; : {
          &quot;query&quot; : &quot;ballab&quot;
        }
      },
      &quot;filter&quot; : {
        &quot;match_all&quot; : { }
      }
    }
  }
}
[2016-02-11 17:22:08][INFO ][no.uib.marcus.search.MarcusSearchServiceIT] Total documents found: 0
[2016-02-11 17:22:08][INFO ][no.uib.marcus.search.MarcusSearchService] {
  &quot;query&quot; : {
    &quot;filtered&quot; : {
      &quot;query&quot; : {
        &quot;query_string&quot; : {
          &quot;query&quot; : &quot;ballab&quot;
        }
      },
      &quot;filter&quot; : {
        &quot;match_all&quot; : { }
      }
    }
  }
}
[2016-02-11 17:22:08][INFO ][no.uib.marcus.search.MarcusSearchServiceIT] Total documents found: 0
[2016-02-11 17:22:08][INFO ][no.uib.marcus.search.MarcusSearchService] {
  &quot;query&quot; : {
    &quot;filtered&quot; : {
      &quot;query&quot; : {
        &quot;query_string&quot; : {
          &quot;query&quot; : &quot;ballab&quot;
        }
      },
      &quot;filter&quot; : {
        &quot;match_all&quot; : { }
      }
    }
  }
}
[2016-02-11 17:22:08][INFO ][no.uib.marcus.search.MarcusSearchServiceIT] Total documents found: 0
[2016-02-11 17:22:08][INFO ][no.uib.marcus.search.MarcusSearchService] {
  &quot;query&quot; : {
    &quot;filtered&quot; : {
      &quot;query&quot; : {
        &quot;query_string&quot; : {
          &quot;query&quot; : &quot;ballab&quot;
        }
      },
      &quot;filter&quot; : {
        &quot;match_all&quot; : { }
      }
    }
  }
}
[2016-02-11 17:22:08][INFO ][no.uib.marcus.search.MarcusSearchServiceIT] Total documents found: 0
[2016-02-11 17:22:08][INFO ][no.uib.marcus.search.MarcusSearchService] {
  &quot;query&quot; : {
    &quot;filtered&quot; : {
      &quot;query&quot; : {
        &quot;query_string&quot; : {
          &quot;query&quot; : &quot;ballab&quot;
        }
      },
      &quot;filter&quot; : {
        &quot;match_all&quot; : { }
      }
    }
  }
}
[2016-02-11 17:22:08][INFO ][no.uib.marcus.search.MarcusSearchServiceIT] Total documents found: 0
[2016-02-11 17:22:09][INFO ][no.uib.marcus.search.MarcusSearchService] {
  &quot;query&quot; : {
    &quot;filtered&quot; : {
      &quot;query&quot; : {
        &quot;query_string&quot; : {
          &quot;query&quot; : &quot;ballab&quot;
        }
      },
      &quot;filter&quot; : {
        &quot;match_all&quot; : { }
      }
    }
  }
}
[2016-02-11 17:22:09][INFO ][no.uib.marcus.search.MarcusSearchServiceIT] Total documents found: 0
[2016-02-11 17:22:09][INFO ][no.uib.marcus.search.MarcusSearchService] {
  &quot;query&quot; : {
    &quot;filtered&quot; : {
      &quot;query&quot; : {
        &quot;query_string&quot; : {
          &quot;query&quot; : &quot;ballab&quot;
        }
      },
      &quot;filter&quot; : {
        &quot;match_all&quot; : { }
      }
    }
  }
}
[2016-02-11 17:22:09][INFO ][no.uib.marcus.search.MarcusSearchServiceIT] Total documents found: 0
[2016-02-11 17:22:09][INFO ][no.uib.marcus.search.MarcusSearchService] {
  &quot;query&quot; : {
    &quot;filtered&quot; : {
      &quot;query&quot; : {
        &quot;query_string&quot; : {
          &quot;query&quot; : &quot;ballab&quot;
        }
      },
      &quot;filter&quot; : {
        &quot;match_all&quot; : { }
      }
    }
  }
}
[2016-02-11 17:22:09][INFO ][no.uib.marcus.search.MarcusSearchServiceIT] Total documents found: 0
[2016-02-11 17:22:10][INFO ][no.uib.marcus.search.MarcusSearchService] {
  &quot;query&quot; : {
    &quot;filtered&quot; : {
      &quot;query&quot; : {
        &quot;query_string&quot; : {
          &quot;query&quot; : &quot;ballab&quot;
        }
      },
      &quot;filter&quot; : {
        &quot;match_all&quot; : { }
      }
    }
  }
}
[2016-02-11 17:22:10][INFO ][no.uib.marcus.search.MarcusSearchServiceIT] Total documents found: 0
[2016-02-11 17:22:12][INFO ][no.uib.marcus.search.MarcusSearchServiceIT] Deleted index: test
</system-out>
  </testcase>
</testsuite>